Jul 19, 2018 11:10:45 PM org.apache.catalina.startup.VersionLoggerListener log
INFO: Server version:        Apache Tomcat/7.0.69
Jul 19, 2018 11:10:45 PM org.apache.catalina.startup.VersionLoggerListener log
INFO: Server built:          Apr 11 2016 07:57:09 UTC
Jul 19, 2018 11:10:45 PM org.apache.catalina.startup.VersionLoggerListener log
INFO: Server number:         7.0.69.0
Jul 19, 2018 11:10:45 PM org.apache.catalina.startup.VersionLoggerListener log
INFO: OS Name:               Windows 7
Jul 19, 2018 11:10:45 PM org.apache.catalina.startup.VersionLoggerListener log
INFO: OS Version:            6.1
Jul 19, 2018 11:10:45 PM org.apache.catalina.startup.VersionLoggerListener log
INFO: Architecture:          amd64
Jul 19, 2018 11:10:45 PM org.apache.catalina.startup.VersionLoggerListener log
INFO: Java Home:             C:\Program Files\Java\jdk1.8.0_171\jre
Jul 19, 2018 11:10:45 PM org.apache.catalina.startup.VersionLoggerListener log
INFO: JVM Version:           1.8.0_171-b11
Jul 19, 2018 11:10:45 PM org.apache.catalina.startup.VersionLoggerListener log
INFO: JVM Vendor:            Oracle Corporation
Jul 19, 2018 11:10:45 PM org.apache.catalina.startup.VersionLoggerListener log
INFO: CATALINA_BASE:         C:\GIT CLient\Project_Ant\AplicationServer\apache-tomcat-7.0.69
Jul 19, 2018 11:10:45 PM org.apache.catalina.startup.VersionLoggerListener log
INFO: CATALINA_HOME:         C:\GIT CLient\Project_Ant\AplicationServer\apache-tomcat-7.0.69
Jul 19, 2018 11:10:45 PM org.apache.catalina.startup.VersionLoggerListener log
INFO: Command line argument: -Djdk.tls.ephemeralDHKeySize=2048
Jul 19, 2018 11:10:45 PM org.apache.catalina.startup.VersionLoggerListener log
INFO: Command line argument: -Djava.util.logging.config.file=C:\GIT CLient\Project_Ant\AplicationServer\apache-tomcat-7.0.69\conf\logging.properties
Jul 19, 2018 11:10:45 PM org.apache.catalina.startup.VersionLoggerListener log
INFO: Command line argument: -Djava.util.logging.manager=org.apache.juli.ClassLoaderLogManager
Jul 19, 2018 11:10:45 PM org.apache.catalina.startup.VersionLoggerListener log
INFO: Command line argument: -Djava.endorsed.dirs=C:\GIT CLient\Project_Ant\AplicationServer\apache-tomcat-7.0.69\endorsed
Jul 19, 2018 11:10:45 PM org.apache.catalina.startup.VersionLoggerListener log
INFO: Command line argument: -Dcatalina.base=C:\GIT CLient\Project_Ant\AplicationServer\apache-tomcat-7.0.69
Jul 19, 2018 11:10:45 PM org.apache.catalina.startup.VersionLoggerListener log
INFO: Command line argument: -Dcatalina.home=C:\GIT CLient\Project_Ant\AplicationServer\apache-tomcat-7.0.69
Jul 19, 2018 11:10:45 PM org.apache.catalina.startup.VersionLoggerListener log
INFO: Command line argument: -Djava.io.tmpdir=C:\GIT CLient\Project_Ant\AplicationServer\apache-tomcat-7.0.69\temp
Jul 19, 2018 11:10:45 PM org.apache.catalina.core.AprLifecycleListener lifecycleEvent
INFO: Loaded APR based Apache Tomcat Native library 1.1.33 using APR version 1.5.1.
Jul 19, 2018 11:10:45 PM org.apache.catalina.core.AprLifecycleListener lifecycleEvent
INFO: APR capabilities: IPv6 [true], sendfile [true], accept filters [false], random [true].
Jul 19, 2018 11:10:45 PM org.apache.catalina.core.AprLifecycleListener initializeSSL
INFO: OpenSSL successfully initialized (OpenSSL 1.0.1m 19 Mar 2015)
Jul 19, 2018 11:10:46 PM org.apache.coyote.AbstractProtocol init
INFO: Initializing ProtocolHandler ["http-apr-8080"]
Jul 19, 2018 11:10:46 PM org.apache.coyote.AbstractProtocol init
INFO: Initializing ProtocolHandler ["ajp-apr-8009"]
Jul 19, 2018 11:10:46 PM org.apache.catalina.startup.Catalina load
INFO: Initialization processed in 1440 ms
Jul 19, 2018 11:10:46 PM org.apache.catalina.core.StandardService startInternal
INFO: Starting service Catalina
Jul 19, 2018 11:10:46 PM org.apache.catalina.core.StandardEngine startInternal
INFO: Starting Servlet Engine: Apache Tomcat/7.0.69
Jul 19, 2018 11:10:46 PM org.apache.catalina.startup.HostConfig deployWAR
INFO: Deploying web application archive C:\GIT CLient\Project_Ant\AplicationServer\apache-tomcat-7.0.69\webapps\hello.war
Jul 19, 2018 11:10:46 PM org.apache.catalina.util.SessionIdGeneratorBase createSecureRandom
INFO: Creation of SecureRandom instance for session ID generation using [SHA1PRNG] took [220] milliseconds.
Jul 19, 2018 11:10:46 PM org.apache.catalina.startup.HostConfig deployWAR
INFO: Deployment of web application archive C:\GIT CLient\Project_Ant\AplicationServer\apache-tomcat-7.0.69\webapps\hello.war has finished in 650 ms
Jul 19, 2018 11:10:46 PM org.apache.catalina.startup.HostConfig deployDirectory
INFO: Deploying web application directory C:\GIT CLient\Project_Ant\AplicationServer\apache-tomcat-7.0.69\webapps\docs
Jul 19, 2018 11:10:46 PM org.apache.catalina.startup.HostConfig deployDirectory
INFO: Deployment of web application directory C:\GIT CLient\Project_Ant\AplicationServer\apache-tomcat-7.0.69\webapps\docs has finished in 72 ms
Jul 19, 2018 11:10:46 PM org.apache.catalina.startup.HostConfig deployDirectory
INFO: Deploying web application directory C:\GIT CLient\Project_Ant\AplicationServer\apache-tomcat-7.0.69\webapps\examples
Jul 19, 2018 11:10:47 PM org.apache.catalina.startup.HostConfig deployDirectory
INFO: Deployment of web application directory C:\GIT CLient\Project_Ant\AplicationServer\apache-tomcat-7.0.69\webapps\examples has finished in 430 ms
Jul 19, 2018 11:10:47 PM org.apache.catalina.startup.HostConfig deployDirectory
INFO: Deploying web application directory C:\GIT CLient\Project_Ant\AplicationServer\apache-tomcat-7.0.69\webapps\ROOT
Jul 19, 2018 11:10:47 PM org.apache.catalina.startup.HostConfig deployDirectory
INFO: Deployment of web application directory C:\GIT CLient\Project_Ant\AplicationServer\apache-tomcat-7.0.69\webapps\ROOT has finished in 63 ms
Jul 19, 2018 11:10:47 PM org.apache.coyote.AbstractProtocol start
INFO: Starting ProtocolHandler ["http-apr-8080"]
Jul 19, 2018 11:10:47 PM org.apache.coyote.AbstractProtocol start
INFO: Starting ProtocolHandler ["ajp-apr-8009"]
Jul 19, 2018 11:10:47 PM org.apache.catalina.startup.Catalina start
INFO: Server startup in 1323 ms
Jul 19, 2018 11:12:44 PM org.apache.coyote.AbstractProtocol pause
INFO: Pausing ProtocolHandler ["http-apr-8080"]
Jul 19, 2018 11:12:44 PM org.apache.coyote.AbstractProtocol pause
INFO: Pausing ProtocolHandler ["ajp-apr-8009"]
Jul 19, 2018 11:12:44 PM org.apache.catalina.core.StandardService stopInternal
INFO: Stopping service Catalina
Jul 19, 2018 11:12:44 PM org.apache.coyote.AbstractProtocol stop
INFO: Stopping ProtocolHandler ["http-apr-8080"]
Jul 19, 2018 11:12:45 PM org.apache.coyote.AbstractProtocol stop
INFO: Stopping ProtocolHandler ["ajp-apr-8009"]
Jul 19, 2018 11:12:45 PM org.apache.coyote.AbstractProtocol destroy
INFO: Destroying ProtocolHandler ["http-apr-8080"]
Jul 19, 2018 11:12:45 PM org.apache.coyote.AbstractProtocol destroy
INFO: Destroying ProtocolHandler ["ajp-apr-8009"]
